# JRE version: Java(TM) SE Runtime Environment (8.0_191-b12) (build 1.8.0_191-b12)
# Java VM: Java HotSpot(TM) 64-Bit Server VM (25.191-b12 mixed mode windows-amd64 compressed oops)
Heap:
 PSYoungGen      total 181760K, used 3079K [0x00000000d5580000, 0x00000000e2b80000, 0x0000000100000000)
  eden space 170496K, 1% used [0x00000000d5580000,0x00000000d5881ee8,0x00000000dfc00000)
  from space 11264K, 0% used [0x00000000e2080000,0x00000000e2080000,0x00000000e2b80000)
  to   space 13312K, 0% used [0x00000000e1180000,0x00000000e1180000,0x00000000e1e80000)
 ParOldGen       total 119296K, used 44236K [0x0000000080000000, 0x0000000087480000, 0x00000000d5580000)
  object space 119296K, 37% used [0x0000000080000000,0x0000000082b332d0,0x0000000087480000)
 Metaspace       used 56903K, capacity 58958K, committed 59392K, reserved 1099776K
  class space    used 7924K, capacity 8325K, committed 8448K, reserved 1048576K
GC Heap History (10 events):
Event: 3.576 GC heap before
{Heap before GC invocations=9 (full 2):
 PSYoungGen      total 183808K, used 10272K [0x00000000d5580000, 0x00000000e2b80000, 0x0000000100000000)
  eden space 170496K, 0% used [0x00000000d5580000,0x00000000d5580000,0x00000000dfc00000)
  from space 13312K, 77% used [0x00000000e1180000,0x00000000e1b881e0,0x00000000e1e80000)
  to   space 11264K, 0% used [0x00000000e2080000,0x00000000e2080000,0x00000000e2b80000)
 ParOldGen       total 71680K, used 8076K [0x0000000080000000, 0x0000000084600000, 0x00000000d5580000)
  object space 71680K, 11% used [0x0000000080000000,0x00000000807e3318,0x0000000084600000)
 Metaspace       used 34367K, capacity 35410K, committed 35496K, reserved 1079296K
  class space    used 4860K, capacity 5090K, committed 5120K, reserved 1048576K
Event: 3.663 GC heap after
Heap after GC invocations=9 (full 2):
 PSYoungGen      total 183808K, used 0K [0x00000000d5580000, 0x00000000e2b80000, 0x0000000100000000)
  eden space 170496K, 0% used [0x00000000d5580000,0x00000000d5580000,0x00000000dfc00000)
  from space 13312K, 0% used [0x00000000e1180000,0x00000000e1180000,0x00000000e1e80000)
  to   space 11264K, 0% used [0x00000000e2080000,0x00000000e2080000,0x00000000e2b80000)
 ParOldGen       total 119296K, used 16590K [0x0000000080000000, 0x0000000087480000, 0x00000000d5580000)
  object space 119296K, 13% used [0x0000000080000000,0x0000000081033be8,0x0000000087480000)
 Metaspace       used 34367K, capacity 35410K, committed 35496K, reserved 1079296K
  class space    used 4860K, capacity 5090K, committed 5120K, reserved 1048576K
}
Event: 4.621 GC heap before
{Heap before GC invocations=10 (full 2):
 PSYoungGen      total 183808K, used 170496K [0x00000000d5580000, 0x00000000e2b80000, 0x0000000100000000)
  eden space 170496K, 100% used [0x00000000d5580000,0x00000000dfc00000,0x00000000dfc00000)
  from space 13312K, 0% used [0x00000000e1180000,0x00000000e1180000,0x00000000e1e80000)
  to   space 11264K, 0% used [0x00000000e2080000,0x00000000e2080000,0x00000000e2b80000)
 ParOldGen       total 119296K, used 16590K [0x0000000080000000, 0x0000000087480000, 0x00000000d5580000)
  object space 119296K, 13% used [0x0000000080000000,0x0000000081033be8,0x0000000087480000)
 Metaspace       used 41708K, capacity 43384K, committed 43648K, reserved 1087488K
  class space    used 5848K, capacity 6160K, committed 6272K, reserved 1048576K
Event: 4.630 GC heap after
Heap after GC invocations=10 (full 2):
 PSYoungGen      total 181760K, used 11243K [0x00000000d5580000, 0x00000000e2b80000, 0x0000000100000000)
  eden space 170496K, 0% used [0x00000000d5580000,0x00000000d5580000,0x00000000dfc00000)
  from space 11264K, 99% used [0x00000000e2080000,0x00000000e2b7ac10,0x00000000e2b80000)
  to   space 13312K, 0% used [0x00000000e1180000,0x00000000e1180000,0x00000000e1e80000)
 ParOldGen       total 119296K, used 19410K [0x0000000080000000, 0x0000000087480000, 0x00000000d5580000)
  object space 119296K, 16% used [0x0000000080000000,0x00000000812f48d8,0x0000000087480000)
 Metaspace       used 41708K, capacity 43384K, committed 43648K, reserved 1087488K
  class space    used 5848K, capacity 6160K, committed 6272K, reserved 1048576K
}
Event: 5.860 GC heap before
{Heap before GC invocations=11 (full 2):
 PSYoungGen      total 181760K, used 181739K [0x00000000d5580000, 0x00000000e2b80000, 0x0000000100000000)
  eden space 170496K, 100% used [0x00000000d5580000,0x00000000dfc00000,0x00000000dfc00000)
  from space 11264K, 99% used [0x00000000e2080000,0x00000000e2b7ac10,0x00000000e2b80000)
  to   space 13312K, 0% used [0x00000000e1180000,0x00000000e1180000,0x00000000e1e80000)
 ParOldGen       total 119296K, used 19410K [0x0000000080000000, 0x0000000087480000, 0x00000000d5580000)
  object space 119296K, 16% used [0x0000000080000000,0x00000000812f48d8,0x0000000087480000)
 Metaspace       used 55128K, capacity 57220K, committed 57344K, reserved 1097728K
  class space    used 7667K, capacity 8083K, committed 8192K, reserved 1048576K
Event: 5.874 GC heap after
Heap after GC invocations=11 (full 2):
 PSYoungGen      total 183808K, used 13284K [0x00000000d5580000, 0x00000000e2b80000, 0x0000000100000000)
  eden space 170496K, 0% used [0x00000000d5580000,0x00000000d5580000,0x00000000dfc00000)
  from space 13312K, 99% used [0x00000000e1180000,0x00000000e1e79310,0x00000000e1e80000)
  to   space 11264K, 0% used [0x00000000e2080000,0x00000000e2080000,0x00000000e2b80000)
 ParOldGen       total 119296K, used 35421K [0x0000000080000000, 0x0000000087480000, 0x00000000d5580000)
  object space 119296K, 29% used [0x0000000080000000,0x00000000822977c8,0x0000000087480000)
 Metaspace       used 55128K, capacity 57220K, committed 57344K, reserved 1097728K
  class space    used 7667K, capacity 8083K, committed 8192K, reserved 1048576K
}
Event: 6.050 GC heap before
{Heap before GC invocations=12 (full 2):
 PSYoungGen      total 183808K, used 36702K [0x00000000d5580000, 0x00000000e2b80000, 0x0000000100000000)
  eden space 170496K, 13% used [0x00000000d5580000,0x00000000d6c5e700,0x00000000dfc00000)
  from space 13312K, 99% used [0x00000000e1180000,0x00000000e1e79310,0x00000000e1e80000)
  to   space 11264K, 0% used [0x00000000e2080000,0x00000000e2080000,0x00000000e2b80000)
 ParOldGen       total 119296K, used 35421K [0x0000000080000000, 0x0000000087480000, 0x00000000d5580000)
  object space 119296K, 29% used [0x0000000080000000,0x00000000822977c8,0x0000000087480000)
 Metaspace       used 56933K, capacity 59002K, committed 59136K, reserved 1099776K
  class space    used 7932K, capacity 8343K, committed 8448K, reserved 1048576K
Event: 6.061 GC heap after
Heap after GC invocations=12 (full 2):
 PSYoungGen      total 181760K, used 9794K [0x00000000d5580000, 0x00000000e2b80000, 0x0000000100000000)
  eden space 170496K, 0% used [0x00000000d5580000,0x00000000d5580000,0x00000000dfc00000)
  from space 11264K, 86% used [0x00000000e2080000,0x00000000e2a10858,0x00000000e2b80000)
  to   space 13312K, 0% used [0x00000000e1180000,0x00000000e1180000,0x00000000e1e80000)
 ParOldGen       total 119296K, used 41755K [0x0000000080000000, 0x0000000087480000, 0x00000000d5580000)
  object space 119296K, 35% used [0x0000000080000000,0x00000000828c6f18,0x0000000087480000)
 Metaspace       used 56933K, capacity 59002K, committed 59136K, reserved 1099776K
  class space    used 7932K, capacity 8343K, committed 8448K, reserved 1048576K
}
Event: 6.061 GC heap before
{Heap before GC invocations=13 (full 3):
 PSYoungGen      total 181760K, used 9794K [0x00000000d5580000, 0x00000000e2b80000, 0x0000000100000000)
  eden space 170496K, 0% used [0x00000000d5580000,0x00000000d5580000,0x00000000dfc00000)
  from space 11264K, 86% used [0x00000000e2080000,0x00000000e2a10858,0x00000000e2b80000)
  to   space 13312K, 0% used [0x00000000e1180000,0x00000000e1180000,0x00000000e1e80000)
 ParOldGen       total 119296K, used 41755K [0x0000000080000000, 0x0000000087480000, 0x00000000d5580000)
  object space 119296K, 35% used [0x0000000080000000,0x00000000828c6f18,0x0000000087480000)
 Metaspace       used 56933K, capacity 59002K, committed 59136K, reserved 1099776K
  class space    used 7932K, capacity 8343K, committed 8448K, reserved 1048576K
Event: 6.279 GC heap after
Heap after GC invocations=13 (full 3):
 PSYoungGen      total 181760K, used 0K [0x00000000d5580000, 0x00000000e2b80000, 0x0000000100000000)
  eden space 170496K, 0% used [0x00000000d5580000,0x00000000d5580000,0x00000000dfc00000)
  from space 11264K, 0% used [0x00000000e2080000,0x00000000e2080000,0x00000000e2b80000)
  to   space 13312K, 0% used [0x00000000e1180000,0x00000000e1180000,0x00000000e1e80000)
 ParOldGen       total 119296K, used 44236K [0x0000000080000000, 0x0000000087480000, 0x00000000d5580000)
  object space 119296K, 37% used [0x0000000080000000,0x0000000082b332d0,0x0000000087480000)
 Metaspace       used 56900K, capacity 58894K, committed 59136K, reserved 1099776K
  class space    used 7922K, capacity 8325K, committed 8448K, reserved 1048576K
}

