# JRE version: Java(TM) SE Runtime Environment (8.0_191-b12) (build 1.8.0_191-b12)
# Java VM: Java HotSpot(TM) 64-Bit Server VM (25.191-b12 mixed mode windows-amd64 compressed oops)
Heap:
 PSYoungGen      total 310272K, used 251458K [0x00000000d5580000, 0x00000000f2980000, 0x0000000100000000)
  eden space 254464K, 98% used [0x00000000d5580000,0x00000000e4b10ba8,0x00000000e4e00000)
  from space 55808K, 0% used [0x00000000e4e00000,0x00000000e4e00000,0x00000000e8480000)
  to   space 91648K, 0% used [0x00000000ed000000,0x00000000ed000000,0x00000000f2980000)
 ParOldGen       total 192512K, used 192309K [0x0000000080000000, 0x000000008bc00000, 0x00000000d5580000)
  object space 192512K, 99% used [0x0000000080000000,0x000000008bbcd5a8,0x000000008bc00000)
 Metaspace       used 97315K, capacity 103248K, committed 103552K, reserved 1138688K
  class space    used 13264K, capacity 14341K, committed 14464K, reserved 1048576K
GC Heap History (10 events):
Event: 58.403 GC heap before
{Heap before GC invocations=33 (full 14):
 PSYoungGen      total 310272K, used 254464K [0x00000000d5580000, 0x00000000f2980000, 0x0000000100000000)
  eden space 254464K, 100% used [0x00000000d5580000,0x00000000e4e00000,0x00000000e4e00000)
  from space 55808K, 0% used [0x00000000e4e00000,0x00000000e4e00000,0x00000000e8480000)
  to   space 91648K, 0% used [0x00000000ed000000,0x00000000ed000000,0x00000000f2980000)
 ParOldGen       total 192512K, used 192397K [0x0000000080000000, 0x000000008bc00000, 0x00000000d5580000)
  object space 192512K, 99% used [0x0000000080000000,0x000000008bbe35a8,0x000000008bc00000)
 Metaspace       used 93127K, capacity 98162K, committed 98432K, reserved 1134592K
  class space    used 12702K, capacity 13588K, committed 13696K, reserved 1048576K
Event: 58.955 GC heap after
Heap after GC invocations=33 (full 14):
 PSYoungGen      total 310272K, used 112541K [0x00000000d5580000, 0x00000000f2980000, 0x0000000100000000)
  eden space 254464K, 44% used [0x00000000d5580000,0x00000000dc367550,0x00000000e4e00000)
  from space 55808K, 0% used [0x00000000e4e00000,0x00000000e4e00000,0x00000000e8480000)
  to   space 91648K, 0% used [0x00000000ed000000,0x00000000ed000000,0x00000000f2980000)
 ParOldGen       total 192512K, used 192418K [0x0000000080000000, 0x000000008bc00000, 0x00000000d5580000)
  object space 192512K, 99% used [0x0000000080000000,0x000000008bbe8890,0x000000008bc00000)
 Metaspace       used 93120K, capacity 98138K, committed 98432K, reserved 1134592K
  class space    used 12700K, capacity 13584K, committed 13696K, reserved 1048576K
}
Event: 59.565 GC heap before
{Heap before GC invocations=34 (full 15):
 PSYoungGen      total 310272K, used 254464K [0x00000000d5580000, 0x00000000f2980000, 0x0000000100000000)
  eden space 254464K, 100% used [0x00000000d5580000,0x00000000e4e00000,0x00000000e4e00000)
  from space 55808K, 0% used [0x00000000e4e00000,0x00000000e4e00000,0x00000000e8480000)
  to   space 91648K, 0% used [0x00000000ed000000,0x00000000ed000000,0x00000000f2980000)
 ParOldGen       total 192512K, used 192418K [0x0000000080000000, 0x000000008bc00000, 0x00000000d5580000)
  object space 192512K, 99% used [0x0000000080000000,0x000000008bbe8890,0x000000008bc00000)
 Metaspace       used 94645K, capacity 100026K, committed 100224K, reserved 1136640K
  class space    used 12897K, capacity 13870K, committed 13952K, reserved 1048576K
Event: 59.984 GC heap after
Heap after GC invocations=34 (full 15):
 PSYoungGen      total 310272K, used 97096K [0x00000000d5580000, 0x00000000f2980000, 0x0000000100000000)
  eden space 254464K, 38% used [0x00000000d5580000,0x00000000db4523c0,0x00000000e4e00000)
  from space 55808K, 0% used [0x00000000e4e00000,0x00000000e4e00000,0x00000000e8480000)
  to   space 91648K, 0% used [0x00000000ed000000,0x00000000ed000000,0x00000000f2980000)
 ParOldGen       total 192512K, used 192416K [0x0000000080000000, 0x000000008bc00000, 0x00000000d5580000)
  object space 192512K, 99% used [0x0000000080000000,0x000000008bbe8088,0x000000008bc00000)
 Metaspace       used 94613K, capacity 99924K, committed 100224K, reserved 1136640K
  class space    used 12886K, capacity 13851K, committed 13952K, reserved 1048576K
}
Event: 60.685 GC heap before
{Heap before GC invocations=35 (full 16):
 PSYoungGen      total 310272K, used 254464K [0x00000000d5580000, 0x00000000f2980000, 0x0000000100000000)
  eden space 254464K, 100% used [0x00000000d5580000,0x00000000e4e00000,0x00000000e4e00000)
  from space 55808K, 0% used [0x00000000e4e00000,0x00000000e4e00000,0x00000000e8480000)
  to   space 91648K, 0% used [0x00000000ed000000,0x00000000ed000000,0x00000000f2980000)
 ParOldGen       total 192512K, used 192416K [0x0000000080000000, 0x000000008bc00000, 0x00000000d5580000)
  object space 192512K, 99% used [0x0000000080000000,0x000000008bbe8088,0x000000008bc00000)
 Metaspace       used 96828K, capacity 102892K, committed 103040K, reserved 1138688K
  class space    used 13283K, capacity 14381K, committed 14464K, reserved 1048576K
Event: 61.585 GC heap after
Heap after GC invocations=35 (full 16):
 PSYoungGen      total 310272K, used 92988K [0x00000000d5580000, 0x00000000f2980000, 0x0000000100000000)
  eden space 254464K, 36% used [0x00000000d5580000,0x00000000db04f0d0,0x00000000e4e00000)
  from space 55808K, 0% used [0x00000000e4e00000,0x00000000e4e00000,0x00000000e8480000)
  to   space 91648K, 0% used [0x00000000ed000000,0x00000000ed000000,0x00000000f2980000)
 ParOldGen       total 192512K, used 192396K [0x0000000080000000, 0x000000008bc00000, 0x00000000d5580000)
  object space 192512K, 99% used [0x0000000080000000,0x000000008bbe3048,0x000000008bc00000)
 Metaspace       used 96677K, capacity 102528K, committed 103040K, reserved 1138688K
  class space    used 13228K, capacity 14289K, committed 14464K, reserved 1048576K
}
Event: 61.993 GC heap before
{Heap before GC invocations=36 (full 17):
 PSYoungGen      total 310272K, used 254464K [0x00000000d5580000, 0x00000000f2980000, 0x0000000100000000)
  eden space 254464K, 100% used [0x00000000d5580000,0x00000000e4e00000,0x00000000e4e00000)
  from space 55808K, 0% used [0x00000000e4e00000,0x00000000e4e00000,0x00000000e8480000)
  to   space 91648K, 0% used [0x00000000ed000000,0x00000000ed000000,0x00000000f2980000)
 ParOldGen       total 192512K, used 192396K [0x0000000080000000, 0x000000008bc00000, 0x00000000d5580000)
  object space 192512K, 99% used [0x0000000080000000,0x000000008bbe3048,0x000000008bc00000)
 Metaspace       used 96934K, capacity 102856K, committed 103296K, reserved 1138688K
  class space    used 13256K, capacity 14301K, committed 14464K, reserved 1048576K
Event: 62.652 GC heap after
Heap after GC invocations=36 (full 17):
 PSYoungGen      total 310272K, used 92160K [0x00000000d5580000, 0x00000000f2980000, 0x0000000100000000)
  eden space 254464K, 36% used [0x00000000d5580000,0x00000000daf803e8,0x00000000e4e00000)
  from space 55808K, 0% used [0x00000000e4e00000,0x00000000e4e00000,0x00000000e8480000)
  to   space 91648K, 0% used [0x00000000ed000000,0x00000000ed000000,0x00000000f2980000)
 ParOldGen       total 192512K, used 192357K [0x0000000080000000, 0x000000008bc00000, 0x00000000d5580000)
  object space 192512K, 99% used [0x0000000080000000,0x000000008bbd96d0,0x000000008bc00000)
 Metaspace       used 96934K, capacity 102856K, committed 103296K, reserved 1138688K
  class space    used 13256K, capacity 14301K, committed 14464K, reserved 1048576K
}
Event: 63.026 GC heap before
{Heap before GC invocations=37 (full 18):
 PSYoungGen      total 310272K, used 254464K [0x00000000d5580000, 0x00000000f2980000, 0x0000000100000000)
  eden space 254464K, 100% used [0x00000000d5580000,0x00000000e4e00000,0x00000000e4e00000)
  from space 55808K, 0% used [0x00000000e4e00000,0x00000000e4e00000,0x00000000e8480000)
  to   space 91648K, 0% used [0x00000000ed000000,0x00000000ed000000,0x00000000f2980000)
 ParOldGen       total 192512K, used 192357K [0x0000000080000000, 0x000000008bc00000, 0x00000000d5580000)
  object space 192512K, 99% used [0x0000000080000000,0x000000008bbd96d0,0x000000008bc00000)
 Metaspace       used 97140K, capacity 103014K, committed 103552K, reserved 1138688K
  class space    used 13260K, capacity 14306K, committed 14464K, reserved 1048576K
Event: 63.750 GC heap after
Heap after GC invocations=37 (full 18):
 PSYoungGen      total 310272K, used 92030K [0x00000000d5580000, 0x00000000f2980000, 0x0000000100000000)
  eden space 254464K, 36% used [0x00000000d5580000,0x00000000daf5f980,0x00000000e4e00000)
  from space 55808K, 0% used [0x00000000e4e00000,0x00000000e4e00000,0x00000000e8480000)
  to   space 91648K, 0% used [0x00000000ed000000,0x00000000ed000000,0x00000000f2980000)
 ParOldGen       total 192512K, used 192309K [0x0000000080000000, 0x000000008bc00000, 0x00000000d5580000)
  object space 192512K, 99% used [0x0000000080000000,0x000000008bbcd5a8,0x000000008bc00000)
 Metaspace       used 97138K, capacity 103008K, committed 103552K, reserved 1138688K
  class space    used 13259K, capacity 14305K, committed 14464K, reserved 1048576K
}

